<?xml version="1.0" encoding="UTF-8"?>
<coverage generated="1767014188492" clover="3.2.0">
  <project timestamp="1767014188493" name="All files">
    <metrics statements="16" coveredstatements="15" conditionals="6" coveredconditionals="5" methods="8" coveredmethods="7" elements="30" coveredelements="27" complexity="0" loc="16" ncloc="16" packages="1" files="3" classes="3"/>
    <file name="Note.jsx" path="D:\3 front\FSO SandBox\partFive\renderingCollectionFrontEnd\src\components\Note.jsx">
      <metrics statements="3" coveredstatements="3" conditionals="2" coveredconditionals="1" methods="1" coveredmethods="1"/>
      <line num="1" count="1" type="stmt"/>
      <line num="2" count="2" type="cond" truecount="1" falsecount="1"/>
      <line num="5" count="2" type="stmt"/>
    </file>
    <file name="NoteForm.jsx" path="D:\3 front\FSO SandBox\partFive\renderingCollectionFrontEnd\src\components\NoteForm.jsx">
      <metrics statements="6" coveredstatements="6" conditionals="0" coveredconditionals="0" methods="3" coveredmethods="3"/>
      <line num="4" count="19" type="stmt"/>
      <line num="7" count="1" type="stmt"/>
      <line num="8" count="1" type="stmt"/>
      <line num="12" count="1" type="stmt"/>
      <line num="15" count="17" type="stmt"/>
      <line num="18" count="19" type="stmt"/>
    </file>
    <file name="Togglable.jsx" path="D:\3 front\FSO SandBox\partFive\renderingCollectionFrontEnd\src\components\Togglable.jsx">
      <metrics statements="7" coveredstatements="6" conditionals="4" coveredconditionals="4" methods="4" coveredmethods="3"/>
      <line num="4" count="7" type="stmt"/>
      <line num="6" count="7" type="cond" truecount="2" falsecount="0"/>
      <line num="7" count="7" type="cond" truecount="2" falsecount="0"/>
      <line num="10" count="3" type="stmt"/>
      <line num="13" count="7" type="stmt"/>
      <line num="14" count="0" type="stmt"/>
      <line num="17" count="7" type="stmt"/>
    </file>
  </project>
</coverage>
