{"D:\\3 front\\FSO SandBox\\partFive\\renderingCollectionFrontEnd\\src\\components\\Note.jsx": {"path":"D:\\3 front\\FSO SandBox\\partFive\\renderingCollectionFrontEnd\\src\\components\\Note.jsx","statementMap":{"0":{"start":{"line":1,"column":13},"end":{"line":11,"column":null}},"1":{"start":{"line":2,"column":16},"end":{"line":3,"column":null}},"2":{"start":{"line":5,"column":2},"end":{"line":9,"column":null}}},"fnMap":{"0":{"name":"(anonymous_0)","decl":{"start":{"line":1,"column":13},"end":{"line":1,"column":14}},"loc":{"start":{"line":1,"column":45},"end":{"line":11,"column":null}},"line":1}},"branchMap":{"0":{"loc":{"start":{"line":2,"column":16},"end":{"line":3,"column":null}},"type":"cond-expr","locations":[{"start":{"line":3,"column":6},"end":{"line":3,"column":29}},{"start":{"line":3,"column":29},"end":{"line":3,"column":null}}],"line":2}},"s":{"0":1,"1":2,"2":2},"f":{"0":2},"b":{"0":[2,0]},"meta":{"lastBranch":1,"lastFunction":1,"lastStatement":3,"seen":{"s:1:13:11:Infinity":0,"f:1:13:1:14":0,"s:2:16:3:Infinity":1,"b:3:6:3:29:3:29:3:Infinity":0,"s:5:2:9:Infinity":2}}}
,"D:\\3 front\\FSO SandBox\\partFive\\renderingCollectionFrontEnd\\src\\components\\NoteForm.jsx": {"path":"D:\\3 front\\FSO SandBox\\partFive\\renderingCollectionFrontEnd\\src\\components\\NoteForm.jsx","statementMap":{"0":{"start":{"line":4,"column":28},"end":{"line":4,"column":null}},"1":{"start":{"line":7,"column":6},"end":{"line":7,"column":null}},"2":{"start":{"line":8,"column":6},"end":{"line":11,"column":null}},"3":{"start":{"line":12,"column":6},"end":{"line":12,"column":null}},"4":{"start":{"line":15,"column":6},"end":{"line":15,"column":null}},"5":{"start":{"line":18,"column":2},"end":{"line":30,"column":null}}},"fnMap":{"0":{"name":"NoteForm","decl":{"start":{"line":3,"column":24},"end":{"line":3,"column":33}},"loc":{"start":{"line":3,"column":49},"end":{"line":32,"column":null}},"line":3},"1":{"name":"handleAddNote","decl":{"start":{"line":6,"column":11},"end":{"line":6,"column":25}},"loc":{"start":{"line":6,"column":32},"end":{"line":13,"column":null}},"line":6},"2":{"name":"handleNoteChange","decl":{"start":{"line":14,"column":13},"end":{"line":14,"column":30}},"loc":{"start":{"line":14,"column":37},"end":{"line":16,"column":null}},"line":14}},"branchMap":{},"s":{"0":19,"1":1,"2":1,"3":1,"4":17,"5":19},"f":{"0":19,"1":1,"2":17},"b":{},"meta":{"lastBranch":0,"lastFunction":3,"lastStatement":6,"seen":{"f:3:24:3:33":0,"s:4:28:4:Infinity":0,"f:6:11:6:25":1,"s:7:6:7:Infinity":1,"s:8:6:11:Infinity":2,"s:12:6:12:Infinity":3,"f:14:13:14:30":2,"s:15:6:15:Infinity":4,"s:18:2:30:Infinity":5}}}
,"D:\\3 front\\FSO SandBox\\partFive\\renderingCollectionFrontEnd\\src\\components\\Togglable.jsx": {"path":"D:\\3 front\\FSO SandBox\\partFive\\renderingCollectionFrontEnd\\src\\components\\Togglable.jsx","statementMap":{"0":{"start":{"line":4,"column":28},"end":{"line":4,"column":null}},"1":{"start":{"line":6,"column":26},"end":{"line":6,"column":null}},"2":{"start":{"line":7,"column":26},"end":{"line":7,"column":null}},"3":{"start":{"line":10,"column":4},"end":{"line":10,"column":null}},"4":{"start":{"line":10,"column":36},"end":{"line":10,"column":54}},"5":{"start":{"line":13,"column":2},"end":{"line":15,"column":null}},"6":{"start":{"line":14,"column":4},"end":{"line":14,"column":null}},"7":{"start":{"line":17,"column":2},"end":{"line":26,"column":null}}},"fnMap":{"0":{"name":"Togglable","decl":{"start":{"line":3,"column":24},"end":{"line":3,"column":34}},"loc":{"start":{"line":3,"column":66},"end":{"line":28,"column":null}},"line":3},"1":{"name":"handleToggleVisibility","decl":{"start":{"line":9,"column":11},"end":{"line":9,"column":36}},"loc":{"start":{"line":9,"column":36},"end":{"line":11,"column":null}},"line":9},"2":{"name":"(anonymous_2)","decl":{"start":{"line":10,"column":15},"end":{"line":10,"column":36}},"loc":{"start":{"line":10,"column":36},"end":{"line":10,"column":54}},"line":10},"3":{"name":"(anonymous_3)","decl":{"start":{"line":13,"column":27},"end":{"line":13,"column":33}},"loc":{"start":{"line":13,"column":33},"end":{"line":15,"column":3}},"line":13}},"branchMap":{"0":{"loc":{"start":{"line":6,"column":37},"end":{"line":6,"column":59}},"type":"cond-expr","locations":[{"start":{"line":6,"column":47},"end":{"line":6,"column":56}},{"start":{"line":6,"column":56},"end":{"line":6,"column":59}}],"line":6},"1":{"loc":{"start":{"line":7,"column":37},"end":{"line":7,"column":59}},"type":"cond-expr","locations":[{"start":{"line":7,"column":47},"end":{"line":7,"column":52}},{"start":{"line":7,"column":52},"end":{"line":7,"column":59}}],"line":7}},"s":{"0":7,"1":7,"2":7,"3":3,"4":3,"5":7,"6":0,"7":7},"f":{"0":7,"1":3,"2":3,"3":0},"b":{"0":[2,5],"1":[2,5]},"meta":{"lastBranch":2,"lastFunction":4,"lastStatement":8,"seen":{"f:3:24:3:34":0,"s:4:28:4:Infinity":0,"s:6:26:6:Infinity":1,"b:6:47:6:56:6:56:6:59":0,"s:7:26:7:Infinity":2,"b:7:47:7:52:7:52:7:59":1,"f:9:11:9:36":1,"s:10:4:10:Infinity":3,"f:10:15:10:36":2,"s:10:36:10:54":4,"s:13:2:15:Infinity":5,"f:13:27:13:33":3,"s:14:4:14:Infinity":6,"s:17:2:26:Infinity":7}}}
}
